{"uuid":"93d7358d-7bbe-4fb6-80ac-625310734133","historyId":"bde507f11705730bb68abdaafac57a8c","fullName":"com.testautomation.apitesting.tests.DataDrivenTestingUsingFileJSON.DataDrivenTestingWithJSON","labels":[{"name":"package","value":"com.testautomation.apitesting.tests.DataDrivenTestingUsingFileJSON"},{"name":"testClass","value":"com.testautomation.apitesting.tests.DataDrivenTestingUsingFileJSON"},{"name":"testMethod","value":"DataDrivenTestingWithJSON"},{"name":"parentSuite","value":"Default suite"},{"name":"suite","value":"Default test"},{"name":"subSuite","value":"com.testautomation.apitesting.tests.DataDrivenTestingUsingFileJSON"},{"name":"host","value":"ITLCZ5J7D3"},{"name":"thread","value":"13372@ITLCZ5J7D3.main(1)"},{"name":"framework","value":"testng"},{"name":"language","value":"java"}],"links":[],"name":"DataDrivenTestingWithJSON","status":"skipped","statusDetails":{"known":false,"muted":false,"flaky":false,"message":"java.lang.ClassCastException: class net.minidev.json.JSONArray cannot be cast to class net.minidev.json.JSONObject (net.minidev.json.JSONArray and net.minidev.json.JSONObject are in unnamed module of loader 'app')","trace":"java.lang.RuntimeException: java.lang.ClassCastException: class net.minidev.json.JSONArray cannot be cast to class net.minidev.json.JSONObject (net.minidev.json.JSONArray and net.minidev.json.JSONObject are in unnamed module of loader 'app')\r\n\tat org.testng.internal.MethodInvocationHelper.invokeMethodNoCheckedException(MethodInvocationHelper.java:50)\r\n\tat org.testng.internal.MethodInvocationHelper.invokeDataProvider(MethodInvocationHelper.java:146)\r\n\tat org.testng.internal.Parameters.handleParameters(Parameters.java:798)\r\n\tat org.testng.internal.Parameters.handleParameters(Parameters.java:740)\r\n\tat org.testng.internal.ParameterHandler.handleParameters(ParameterHandler.java:59)\r\n\tat org.testng.internal.ParameterHandler.createParameters(ParameterHandler.java:38)\r\n\tat org.testng.internal.TestInvoker$MethodInvocationAgent.invoke(TestInvoker.java:791)\r\n\tat org.testng.internal.TestInvoker.invokeTestMethods(TestInvoker.java:146)\r\n\tat org.testng.internal.TestMethodWorker.invokeTestMethods(TestMethodWorker.java:146)\r\n\tat org.testng.internal.TestMethodWorker.run(TestMethodWorker.java:128)\r\n\tat java.base/java.util.ArrayList.forEach(ArrayList.java:1511)\r\n\tat org.testng.TestRunner.privateRun(TestRunner.java:794)\r\n\tat org.testng.TestRunner.run(TestRunner.java:596)\r\n\tat org.testng.SuiteRunner.runTest(SuiteRunner.java:377)\r\n\tat org.testng.SuiteRunner.runSequentially(SuiteRunner.java:371)\r\n\tat org.testng.SuiteRunner.privateRun(SuiteRunner.java:332)\r\n\tat org.testng.SuiteRunner.run(SuiteRunner.java:276)\r\n\tat org.testng.SuiteRunnerWorker.runSuite(SuiteRunnerWorker.java:53)\r\n\tat org.testng.SuiteRunnerWorker.run(SuiteRunnerWorker.java:96)\r\n\tat org.testng.TestNG.runSuitesSequentially(TestNG.java:1212)\r\n\tat org.testng.TestNG.runSuitesLocally(TestNG.java:1134)\r\n\tat org.testng.TestNG.runSuites(TestNG.java:1063)\r\n\tat org.testng.TestNG.run(TestNG.java:1031)\r\n\tat org.testng.remote.AbstractRemoteTestNG.run(AbstractRemoteTestNG.java:115)\r\n\tat org.testng.remote.RemoteTestNG.initAndRun(RemoteTestNG.java:251)\r\n\tat org.testng.remote.RemoteTestNG.main(RemoteTestNG.java:77)\r\nCaused by: java.lang.ClassCastException: class net.minidev.json.JSONArray cannot be cast to class net.minidev.json.JSONObject (net.minidev.json.JSONArray and net.minidev.json.JSONObject are in unnamed module of loader 'app')\r\n\tat com.testautomation.apitesting.tests.DataDrivenTestingUsingFileJSON.getTestDataUsingJson(DataDrivenTestingUsingFileJSON.java:38)\r\n\tat java.base/jdk.internal.reflect.NativeMethodAccessorImpl.invoke0(Native Method)\r\n\tat java.base/jdk.internal.reflect.NativeMethodAccessorImpl.invoke(NativeMethodAccessorImpl.java:78)\r\n\tat java.base/jdk.internal.reflect.DelegatingMethodAccessorImpl.invoke(DelegatingMethodAccessorImpl.java:43)\r\n\tat java.base/java.lang.reflect.Method.invoke(Method.java:567)\r\n\tat org.testng.internal.MethodInvocationHelper.invokeMethod(MethodInvocationHelper.java:133)\r\n\tat org.testng.internal.MethodInvocationHelper.invokeMethod(MethodInvocationHelper.java:77)\r\n\tat org.testng.internal.MethodInvocationHelper.invokeMethodNoCheckedException(MethodInvocationHelper.java:46)\r\n\t... 25 more\r\n"},"stage":"finished","steps":[],"attachments":[],"parameters":[],"start":1694635635460,"stop":1694635635463}